<?xml version="1.0" encoding="UTF-8"?>
<!-- Generated by org.testng.reporters.JUnitReportReporter -->
<testsuite hostname="LAPTOP-I6FQFRR3" failures="0" tests="1" name="testCases.TC002_OrderPlacing" time="7.103" errors="0" timestamp="2025-03-28T19:57:09 IST" skipped="0">
  <testcase classname="testCases.TC002_OrderPlacing" name="placingMac" time="7.103"/>
</testsuite> <!-- testCases.TC002_OrderPlacing -->
