<?xml version="1.0" encoding="UTF-8"?>
<!-- Generated by org.testng.reporters.JUnitReportReporter -->
<testsuite hostname="LAPTOP-I6FQFRR3" failures="0" tests="1" name="testCases.TC003_Registration" time="5.243" errors="0" timestamp="2025-03-30T23:11:02 IST" skipped="0">
  <testcase classname="testCases.TC003_Registration" name="Register" time="5.243"/>
</testsuite> <!-- testCases.TC003_Registration -->
