<?xml version="1.0" encoding="UTF-8"?>
<!-- Generated by org.testng.reporters.JUnitReportReporter -->
<testsuite hostname="LAPTOP-I6FQFRR3" failures="0" tests="1" name="testCases.TC001_Login" time="10.062" errors="0" timestamp="2025-03-30T23:11:02 IST" skipped="0">
  <testcase classname="testCases.TC001_Login" name="loginTest" time="10.062"/>
</testsuite> <!-- testCases.TC001_Login -->
