<?xml version="1.0" encoding="UTF-8"?>
<!-- Generated by org.testng.reporters.JUnitReportReporter -->
<testsuite hostname="LAPTOP-I6FQFRR3" failures="0" tests="1" name="testCases.TC001_Login" time="12.849" errors="0" timestamp="2025-03-28T19:57:09 IST" skipped="0">
  <testcase classname="testCases.TC001_Login" name="loginTest" time="12.849"/>
</testsuite> <!-- testCases.TC001_Login -->
